*** Using Compiler 'V5.06 update 7 (build 960)', folder: 'E:\software\Keil_v5\Keil_MDK\ARM\ARMCC\Bin'
Build target 'FirstHAL'
assembling startup_stm32f103xb.s...
compiling main.c...
compiling stm32f1xx_it.c...
compiling gpio.c...
compiling stm32f1xx_hal_tim.c...
compiling stm32f1xx_hal_gpio_ex.c...
compiling stm32f1xx_hal_msp.c...
compiling stm32f1xx_hal_tim_ex.c...
compiling stm32f1xx_hal.c...
compiling stm32f1xx_hal_rcc.c...
compiling stm32f1xx_hal_rcc_ex.c...
compiling stm32f1xx_hal_gpio.c...
compiling stm32f1xx_hal_dma.c...
compiling stm32f1xx_hal_cortex.c...
compiling stm32f1xx_hal_pwr.c...
compiling stm32f1xx_hal_flash.c...
compiling system_stm32f1xx.c...
compiling stm32f1xx_hal_exti.c...
compiling stm32f1xx_hal_flash_ex.c...
linking...
Program Size: Code=2744 RO-data=304 RW-data=16 ZI-data=1632  
FromELF: creating hex file...
"FirstHAL\FirstHAL.axf" - 0 Error(s), 0 Warning(s).
Build Time Elapsed:  00:00:19
